<?xml version="1.0" encoding="UTF-8"?>
<!-- Generated by org.testng.reporters.JUnitReportReporter -->
<testsuite hostname="DESKTOP-NOHBFKU" failures="0" tests="1" name="DependsON" time="17.757" errors="0" timestamp="2021-04-09T15:32:47 IST" skipped="0">
  <testcase classname="DependsON" name="screenshotExample" time="17.757"/>
  <system-out/>
</testsuite> <!-- DependsON -->
