<?xml version="1.0" encoding="UTF-8"?>
<!-- Generated by org.testng.reporters.JUnitReportReporter -->
<testsuite hostname="DESKTOP-NOHBFKU" failures="0" tests="1" name="Eg" time="0.014" errors="0" timestamp="2021-03-26T15:17:35 IST" skipped="0">
  <testcase classname="Eg" name="testTwo" time="0.014"/>
  <system-out/>
</testsuite> <!-- Eg -->
